<?xml version="1.0" encoding="UTF-8"?>
<!-- Generated by org.testng.reporters.JUnitXMLReporter -->
<testsuite ignored="0" hostname="DESKTOP-OJ7HGSR" failures="0" tests="3" name="Default test" time="5.579" errors="0" timestamp="2023-04-12T22:02:45 EET">
  <testcase classname="TestCases" name="default_lang_test" time="0.194"/>
  <testcase classname="TestCases" name="default_currency_test" time="0.119"/>
  <testcase classname="TestCases" name="phone_number_test" time="0.106"/>
</testsuite> <!-- Default test -->
